2023-05-11 15:59:27 [INFO] 초기화 필터 생성
2023-05-11 15:59:28 [INFO] 5초마다 출력
2023-05-11 15:59:29 [INFO] 후처리 수행
2023-05-11 15:59:29 [INFO] View 처리 완료 후 수행
2023-05-11 15:59:29 [INFO] 후처리 수행
2023-05-11 15:59:29 [INFO] View 처리 완료 후 수행
2023-05-11 15:59:29 [INFO] 후처리 수행
2023-05-11 15:59:29 [INFO] View 처리 완료 후 수행
2023-05-11 15:59:29 [INFO] 후처리 수행
2023-05-11 15:59:29 [INFO] View 처리 완료 후 수행
2023-05-11 15:59:30 [INFO] 후처리 수행
2023-05-11 15:59:30 [INFO] View 처리 완료 후 수행
2023-05-11 15:59:33 [INFO] 후처리 수행
2023-05-11 15:59:33 [INFO] View 처리 완료 후 수행
2023-05-11 15:59:33 [INFO] 후처리 수행
2023-05-11 15:59:33 [INFO] View 처리 완료 후 수행
2023-05-11 15:59:33 [INFO] 후처리 수행
2023-05-11 15:59:33 [INFO] View 처리 완료 후 수행
2023-05-11 15:59:33 [INFO] 후처리 수행
2023-05-11 15:59:33 [INFO] View 처리 완료 후 수행
2023-05-11 15:59:33 [INFO] 후처리 수행
2023-05-11 15:59:33 [INFO] View 처리 완료 후 수행
2023-05-11 15:59:33 [INFO] 5초마다 출력
2023-05-11 15:59:33 [INFO] 후처리 수행
2023-05-11 15:59:33 [INFO] View 처리 완료 후 수행
2023-05-11 15:59:33 [INFO] 후처리 수행
2023-05-11 15:59:33 [INFO] View 처리 완료 후 수행
2023-05-11 15:59:38 [INFO] 5초마다 출력
2023-05-11 15:59:43 [INFO] 5초마다 출력
2023-05-11 15:59:48 [INFO] 5초마다 출력
2023-05-11 15:59:53 [INFO] 5초마다 출력
2023-05-11 15:59:58 [INFO] 5초마다 출력
2023-05-11 16:00:03 [INFO] 5초마다 출력
2023-05-11 16:05:37 [INFO] 초기화 필터 생성
2023-05-11 16:05:39 [INFO] 후처리 수행
2023-05-11 16:05:39 [INFO] View 처리 완료 후 수행
2023-05-11 16:05:39 [INFO] 후처리 수행
2023-05-11 16:05:39 [INFO] View 처리 완료 후 수행
2023-05-11 16:05:40 [INFO] 후처리 수행
2023-05-11 16:05:40 [INFO] View 처리 완료 후 수행
2023-05-11 16:06:00 [INFO] 5초마다 출력
2023-05-11 16:29:59 [INFO] 초기화 필터 생성
2023-05-11 16:30:01 [INFO] 후처리 수행
2023-05-11 16:30:01 [INFO] View 처리 완료 후 수행
2023-05-11 16:30:01 [INFO] 후처리 수행
2023-05-11 16:30:01 [INFO] View 처리 완료 후 수행
2023-05-11 16:30:04 [INFO] 로그인 기능 수행됨
2023-05-11 16:30:04 [DEBUG] asd123 / $2a$10$LnqAh1DnnI4fn5NVQnblVuIdbJgcb4lDjXxBpAFGQwsaznamuMM7m
2023-05-11 16:30:04 [INFO] 후처리 수행
2023-05-11 16:30:04 [INFO] View 처리 완료 후 수행
2023-05-11 16:30:04 [INFO] 후처리 수행
2023-05-11 16:30:04 [INFO] View 처리 완료 후 수행
2023-05-11 16:30:05 [INFO] 후처리 수행
2023-05-11 16:30:05 [INFO] View 처리 완료 후 수행
2023-05-11 16:30:06 [INFO] 후처리 수행
2023-05-11 16:30:07 [INFO] View 처리 완료 후 수행
2023-05-11 16:30:07 [INFO] 후처리 수행
2023-05-11 16:30:07 [INFO] View 처리 완료 후 수행
2023-05-11 16:30:07 [INFO] 후처리 수행
2023-05-11 16:30:07 [INFO] View 처리 완료 후 수행
2023-05-11 16:30:07 [INFO] 후처리 수행
2023-05-11 16:30:07 [INFO] View 처리 완료 후 수행
2023-05-11 16:30:07 [INFO] 후처리 수행
2023-05-11 16:30:07 [INFO] View 처리 완료 후 수행
2023-05-11 16:30:07 [INFO] 후처리 수행
2023-05-11 16:30:07 [INFO] 후처리 수행
2023-05-11 16:30:07 [INFO] View 처리 완료 후 수행
2023-05-11 16:30:07 [INFO] View 처리 완료 후 수행
2023-05-11 16:30:07 [INFO] 후처리 수행
2023-05-11 16:30:07 [INFO] View 처리 완료 후 수행
2023-05-11 16:30:12 [INFO] 후처리 수행
2023-05-11 16:30:12 [INFO] View 처리 완료 후 수행
2023-05-11 16:30:18 [INFO] 후처리 수행
2023-05-11 16:30:18 [INFO] View 처리 완료 후 수행
2023-05-11 16:30:18 [INFO] 후처리 수행
2023-05-11 16:30:18 [INFO] View 처리 완료 후 수행
2023-05-11 16:30:18 [INFO] 후처리 수행
2023-05-11 16:30:18 [INFO] View 처리 완료 후 수행
2023-05-11 16:30:18 [INFO] 후처리 수행
2023-05-11 16:30:18 [INFO] View 처리 완료 후 수행
2023-05-11 16:30:18 [INFO] 후처리 수행
2023-05-11 16:30:18 [INFO] View 처리 완료 후 수행
2023-05-11 16:30:19 [INFO] 후처리 수행
2023-05-11 16:30:19 [INFO] View 처리 완료 후 수행
2023-05-11 16:30:19 [INFO] 후처리 수행
2023-05-11 16:30:19 [INFO] View 처리 완료 후 수행
2023-05-11 16:30:19 [INFO] 후처리 수행
2023-05-11 16:30:19 [INFO] View 처리 완료 후 수행
2023-05-11 16:30:24 [INFO] 후처리 수행
2023-05-11 16:30:24 [INFO] View 처리 완료 후 수행
2023-05-11 16:30:24 [INFO] 후처리 수행
2023-05-11 16:30:24 [INFO] View 처리 완료 후 수행
2023-05-11 16:31:07 [INFO] 초기화 필터 생성
2023-05-11 16:31:09 [INFO] 후처리 수행
2023-05-11 16:31:10 [INFO] View 처리 완료 후 수행
2023-05-11 16:31:10 [INFO] 후처리 수행
2023-05-11 16:31:10 [INFO] View 처리 완료 후 수행
2023-05-11 16:31:12 [INFO] 로그인 기능 수행됨
2023-05-11 16:31:12 [DEBUG] asd123 / $2a$10$2md6LrkHJpGJ2tMIzRhu.OV0FgGl5FqhiymFDmYe38ygU0/DDNfpe
2023-05-11 16:31:12 [INFO] 후처리 수행
2023-05-11 16:31:12 [INFO] View 처리 완료 후 수행
2023-05-11 16:31:12 [INFO] 후처리 수행
2023-05-11 16:31:12 [INFO] View 처리 완료 후 수행
2023-05-11 16:31:13 [INFO] 후처리 수행
2023-05-11 16:31:13 [INFO] View 처리 완료 후 수행
2023-05-11 16:31:14 [INFO] 후처리 수행
2023-05-11 16:31:14 [INFO] View 처리 완료 후 수행
2023-05-11 16:31:23 [INFO] 후처리 수행
2023-05-11 16:31:23 [INFO] View 처리 완료 후 수행
2023-05-11 16:31:23 [INFO] 후처리 수행
2023-05-11 16:31:23 [INFO] View 처리 완료 후 수행
2023-05-11 16:31:23 [INFO] 후처리 수행
2023-05-11 16:31:23 [INFO] 후처리 수행
2023-05-11 16:31:23 [INFO] View 처리 완료 후 수행
2023-05-11 16:31:23 [INFO] View 처리 완료 후 수행
2023-05-11 16:31:23 [INFO] 후처리 수행
2023-05-11 16:31:23 [INFO] View 처리 완료 후 수행
2023-05-11 16:31:53 [INFO] 후처리 수행
2023-05-11 16:31:53 [INFO] View 처리 완료 후 수행
2023-05-11 16:31:53 [INFO] 후처리 수행
2023-05-11 16:31:53 [INFO] 후처리 수행
2023-05-11 16:31:53 [INFO] View 처리 완료 후 수행
2023-05-11 16:31:53 [INFO] 후처리 수행
2023-05-11 16:31:53 [INFO] View 처리 완료 후 수행
2023-05-11 16:31:53 [INFO] View 처리 완료 후 수행
2023-05-11 16:31:58 [INFO] 후처리 수행
2023-05-11 16:31:58 [INFO] View 처리 완료 후 수행
2023-05-11 16:31:58 [INFO] 후처리 수행
2023-05-11 16:31:58 [INFO] View 처리 완료 후 수행
2023-05-11 16:31:58 [INFO] 후처리 수행
2023-05-11 16:31:58 [INFO] View 처리 완료 후 수행
2023-05-11 16:32:01 [INFO] 후처리 수행
2023-05-11 16:32:01 [INFO] View 처리 완료 후 수행
2023-05-11 16:47:12 [INFO] 초기화 필터 생성
2023-05-11 16:47:14 [INFO] 후처리 수행
2023-05-11 16:47:14 [INFO] View 처리 완료 후 수행
2023-05-11 16:47:14 [INFO] 후처리 수행
2023-05-11 16:47:14 [INFO] View 처리 완료 후 수행
2023-05-11 16:47:15 [INFO] 후처리 수행
2023-05-11 16:47:15 [INFO] View 처리 완료 후 수행
2023-05-11 16:47:15 [INFO] 후처리 수행
2023-05-11 16:47:15 [INFO] View 처리 완료 후 수행
2023-05-11 16:48:00 [INFO] 20230511163123_22168.png 삭제
2023-05-11 16:48:00 [INFO] 20230511163123_78814.png 삭제
2023-05-11 16:48:00 [INFO] ----------- 서버 이미지 삭제 완료 --------------
