2023-05-16 15:59:49 [INFO] 초기화 필터 생성
2023-05-16 15:59:56 [INFO] --------------------------------------
Start : BoardServiceImpl - selectBoardType
Parameter : []
ip : 127.0.0.1
2023-05-16 15:59:56 [INFO] --------------Service Start---------------
2023-05-16 15:59:58 [INFO] --------------Service End---------------
2023-05-16 15:59:58 [INFO] Return Value : [edu.kh.comm.board.model.vo.BoardType@240ee2b8, edu.kh.comm.board.model.vo.BoardType@57f29bcb, edu.kh.comm.board.model.vo.BoardType@41df20a4]
2023-05-16 15:59:58 [INFO] Running Time : 1902ms
2023-05-16 15:59:58 [INFO] End : BoardServiceImpl - selectBoardType
--------------------------------------

2023-05-16 15:59:58 [INFO] 후처리 수행
2023-05-16 15:59:59 [INFO] View 처리 완료 후 수행
2023-05-16 15:59:59 [INFO] 후처리 수행
2023-05-16 15:59:59 [INFO] View 처리 완료 후 수행
2023-05-16 16:00:00 [INFO] --------------------------------------
Start : BoardServiceImpl - selectDBList
Parameter : []
[스케줄러 동작]
2023-05-16 16:00:00 [INFO] --------------Service Start---------------
2023-05-16 16:00:00 [INFO] --------------Service End---------------
2023-05-16 16:00:00 [INFO] Return Value : [/resources/images/board/sample1.jpg, /resources/images/board/sample2.jpg, /resources/images/board/sample3.jpg, /resources/images/board/sample4.jpg, /resources/images/board/sample1.jpg, /resources/images/board/sample2.jpg, /resources/images/board/sample3.jpg, /resources/images/board/sample4.jpg, /resources/images/board/sample5.jpg, /resources/images/board/20230508194816_39787.jpg]
2023-05-16 16:00:00 [INFO] Running Time : 19ms
2023-05-16 16:00:00 [INFO] End : BoardServiceImpl - selectDBList
--------------------------------------

2023-05-16 16:00:00 [INFO] ----------- 서버 이미지 삭제 완료 --------------
2023-05-16 16:00:00 [INFO] --------------------------------------
Start : MemberServiceImpl - selectAll
Parameter : []
ip : 0:0:0:0:0:0:0:1
2023-05-16 16:00:00 [INFO] --------------Service Start---------------
2023-05-16 16:00:00 [INFO] --------------Service End---------------
2023-05-16 16:00:00 [INFO] Return Value : [Member(memberNo=1, memberEmail=test01@naver.com, memberPw=null, memberNickname=테스트, memberTel=null, memberAddress=null, profileImage=null, enrollDate=null, secessionFlag=null), Member(memberNo=2, memberEmail=test02@naver.com, memberPw=null, memberNickname=12345, memberTel=null, memberAddress=null, profileImage=null, enrollDate=null, secessionFlag=null), Member(memberNo=3, memberEmail=test3@naver.com, memberPw=null, memberNickname=123, memberTel=null, memberAddress=null, profileImage=null, enrollDate=null, secessionFlag=null)]
2023-05-16 16:00:00 [INFO] Running Time : 12ms
2023-05-16 16:00:00 [INFO] End : MemberServiceImpl - selectAll
--------------------------------------

2023-05-16 16:00:00 [INFO] 후처리 수행
2023-05-16 16:00:00 [INFO] View 처리 완료 후 수행
2023-05-16 16:00:03 [INFO] 로그인 기능 수행됨
2023-05-16 16:00:03 [INFO] --------------------------------------
Start : MemberServiceImpl - login
Parameter : [Member(memberNo=0, memberEmail=test01@naver.com, memberPw=1, memberNickname=null, memberTel=null, memberAddress=null, profileImage=null, enrollDate=null, secessionFlag=null)]
ip : 0:0:0:0:0:0:0:1
2023-05-16 16:00:03 [INFO] --------------Service Start---------------
2023-05-16 16:00:03 [DEBUG] 1 / $2a$10$5NIXC4hqtpR1G3irryVOw.isut6/wvv.RW6weC6k/S0HqFLvzuRUe
2023-05-16 16:00:03 [INFO] --------------Service End---------------
2023-05-16 16:00:03 [INFO] Return Value : Member(memberNo=1, memberEmail=test01@naver.com, memberPw=null, memberNickname=테스트, memberTel=01011112222, memberAddress=06240,,서울 강남구 역삼동 827-48,,ㅁㄴㅇ, profileImage=null, enrollDate=2023-04-25 15:49:00, secessionFlag=null)
2023-05-16 16:00:03 [INFO] Running Time : 305ms
2023-05-16 16:00:03 [INFO] End : MemberServiceImpl - login
--------------------------------------

2023-05-16 16:00:03 [INFO] 후처리 수행
2023-05-16 16:00:03 [INFO] View 처리 완료 후 수행
2023-05-16 16:00:03 [INFO] 후처리 수행
2023-05-16 16:00:03 [INFO] View 처리 완료 후 수행
2023-05-16 16:00:04 [INFO] --------------------------------------
Start : ChatServiceImpl - selectChatRoomList
Parameter : []
ip : 0:0:0:0:0:0:0:1 (email : test01@naver.com)
2023-05-16 16:00:04 [INFO] --------------Service Start---------------
2023-05-16 16:00:04 [INFO] --------------Service End---------------
2023-05-16 16:00:04 [INFO] Return Value : [ChatRoom(chatRoomNo=1, title=asdqwe, status=null, memberNo=0, memberNickname=테스트, cnt=1)]
2023-05-16 16:00:04 [INFO] Running Time : 25ms
2023-05-16 16:00:04 [INFO] End : ChatServiceImpl - selectChatRoomList
--------------------------------------

2023-05-16 16:00:04 [INFO] 후처리 수행
2023-05-16 16:00:05 [INFO] View 처리 완료 후 수행
2023-05-16 16:00:06 [INFO] --------------------------------------
Start : ChatServiceImpl - joinChatRoom
Parameter : [ChatRoomJoin(memberNo=1, chatRoomNo=1)]
ip : 0:0:0:0:0:0:0:1 (email : test01@naver.com)
2023-05-16 16:00:06 [INFO] --------------Service Start---------------
2023-05-16 16:00:06 [INFO] --------------Service End---------------
2023-05-16 16:00:06 [INFO] Return Value : []
2023-05-16 16:00:06 [INFO] Running Time : 34ms
2023-05-16 16:00:06 [INFO] End : ChatServiceImpl - joinChatRoom
--------------------------------------

2023-05-16 16:00:06 [INFO] 후처리 수행
2023-05-16 16:00:06 [INFO] View 처리 완료 후 수행
2023-05-16 16:00:07 [INFO] 후처리 수행
2023-05-16 16:00:07 [INFO] View 처리 완료 후 수행
2023-05-16 16:00:07 [INFO] 후처리 수행
2023-05-16 16:00:07 [INFO] View 처리 완료 후 수행
2023-05-16 16:00:30 [INFO] 초기화 필터 파괴
2023-05-16 16:25:08 [INFO] 초기화 필터 생성
2023-05-16 16:25:14 [INFO] --------------------------------------
Start : BoardServiceImpl - selectBoardType
Parameter : []
ip : 127.0.0.1
2023-05-16 16:25:14 [INFO] --------------Service Start---------------
2023-05-16 16:25:15 [INFO] --------------Service End---------------
2023-05-16 16:25:15 [INFO] Return Value : [edu.kh.comm.board.model.vo.BoardType@254b1365, edu.kh.comm.board.model.vo.BoardType@6723c896, edu.kh.comm.board.model.vo.BoardType@1b0d1478]
2023-05-16 16:25:15 [INFO] Running Time : 1699ms
2023-05-16 16:25:15 [INFO] End : BoardServiceImpl - selectBoardType
--------------------------------------

2023-05-16 16:25:15 [INFO] 후처리 수행
2023-05-16 16:25:16 [INFO] View 처리 완료 후 수행
2023-05-16 16:25:17 [INFO] 후처리 수행
2023-05-16 16:25:17 [INFO] View 처리 완료 후 수행
2023-05-16 16:25:17 [INFO] --------------------------------------
Start : MemberServiceImpl - selectAll
Parameter : []
ip : 0:0:0:0:0:0:0:1
2023-05-16 16:25:17 [INFO] --------------Service Start---------------
2023-05-16 16:25:17 [INFO] --------------Service End---------------
2023-05-16 16:25:17 [INFO] Return Value : [Member(memberNo=1, memberEmail=test01@naver.com, memberPw=null, memberNickname=테스트, memberTel=null, memberAddress=null, profileImage=null, enrollDate=null, secessionFlag=null), Member(memberNo=2, memberEmail=test02@naver.com, memberPw=null, memberNickname=12345, memberTel=null, memberAddress=null, profileImage=null, enrollDate=null, secessionFlag=null), Member(memberNo=3, memberEmail=test3@naver.com, memberPw=null, memberNickname=123, memberTel=null, memberAddress=null, profileImage=null, enrollDate=null, secessionFlag=null)]
2023-05-16 16:25:17 [INFO] Running Time : 10ms
2023-05-16 16:25:17 [INFO] End : MemberServiceImpl - selectAll
--------------------------------------

2023-05-16 16:25:18 [INFO] 후처리 수행
2023-05-16 16:25:18 [INFO] View 처리 완료 후 수행
2023-05-16 16:25:24 [INFO] 초기화 필터 파괴
2023-05-16 16:31:13 [INFO] 초기화 필터 생성
2023-05-16 16:31:20 [INFO] --------------------------------------
Start : BoardServiceImpl - selectBoardType
Parameter : []
ip : 127.0.0.1
2023-05-16 16:31:20 [INFO] --------------Service Start---------------
2023-05-16 16:31:22 [INFO] --------------Service End---------------
2023-05-16 16:31:22 [INFO] Return Value : [edu.kh.comm.board.model.vo.BoardType@254b1365, edu.kh.comm.board.model.vo.BoardType@6723c896, edu.kh.comm.board.model.vo.BoardType@1b0d1478]
2023-05-16 16:31:22 [INFO] Running Time : 1798ms
2023-05-16 16:31:22 [INFO] End : BoardServiceImpl - selectBoardType
--------------------------------------

2023-05-16 16:31:22 [INFO] 후처리 수행
2023-05-16 16:31:23 [INFO] View 처리 완료 후 수행
2023-05-16 16:31:23 [INFO] 후처리 수행
2023-05-16 16:31:23 [INFO] View 처리 완료 후 수행
2023-05-16 16:31:23 [INFO] --------------------------------------
Start : MemberServiceImpl - selectAll
Parameter : []
ip : 0:0:0:0:0:0:0:1
2023-05-16 16:31:23 [INFO] --------------Service Start---------------
2023-05-16 16:31:23 [INFO] --------------Service End---------------
2023-05-16 16:31:23 [INFO] Return Value : [Member(memberNo=1, memberEmail=test01@naver.com, memberPw=null, memberNickname=테스트, memberTel=null, memberAddress=null, profileImage=null, enrollDate=null, secessionFlag=null), Member(memberNo=2, memberEmail=test02@naver.com, memberPw=null, memberNickname=12345, memberTel=null, memberAddress=null, profileImage=null, enrollDate=null, secessionFlag=null), Member(memberNo=3, memberEmail=test3@naver.com, memberPw=null, memberNickname=123, memberTel=null, memberAddress=null, profileImage=null, enrollDate=null, secessionFlag=null)]
2023-05-16 16:31:23 [INFO] Running Time : 9ms
2023-05-16 16:31:23 [INFO] End : MemberServiceImpl - selectAll
--------------------------------------

2023-05-16 16:31:24 [INFO] 후처리 수행
2023-05-16 16:31:24 [INFO] View 처리 완료 후 수행
2023-05-16 16:31:34 [INFO] --------------------------------------
Start : MemberServiceImpl - selectAll
Parameter : []
ip : 0:0:0:0:0:0:0:1
2023-05-16 16:31:34 [INFO] --------------Service Start---------------
2023-05-16 16:31:34 [INFO] --------------Service End---------------
2023-05-16 16:31:34 [INFO] Return Value : [Member(memberNo=1, memberEmail=test01@naver.com, memberPw=null, memberNickname=테스트, memberTel=null, memberAddress=null, profileImage=null, enrollDate=null, secessionFlag=null), Member(memberNo=2, memberEmail=test02@naver.com, memberPw=null, memberNickname=12345, memberTel=null, memberAddress=null, profileImage=null, enrollDate=null, secessionFlag=null), Member(memberNo=3, memberEmail=test3@naver.com, memberPw=null, memberNickname=123, memberTel=null, memberAddress=null, profileImage=null, enrollDate=null, secessionFlag=null)]
2023-05-16 16:31:34 [INFO] Running Time : 7ms
2023-05-16 16:31:34 [INFO] End : MemberServiceImpl - selectAll
--------------------------------------

2023-05-16 16:31:34 [INFO] 후처리 수행
2023-05-16 16:31:34 [INFO] View 처리 완료 후 수행
2023-05-16 16:31:44 [INFO] --------------------------------------
Start : MemberServiceImpl - selectAll
Parameter : []
ip : 0:0:0:0:0:0:0:1
2023-05-16 16:31:44 [INFO] --------------Service Start---------------
2023-05-16 16:31:44 [INFO] --------------Service End---------------
2023-05-16 16:31:44 [INFO] Return Value : [Member(memberNo=1, memberEmail=test01@naver.com, memberPw=null, memberNickname=테스트, memberTel=null, memberAddress=null, profileImage=null, enrollDate=null, secessionFlag=null), Member(memberNo=2, memberEmail=test02@naver.com, memberPw=null, memberNickname=12345, memberTel=null, memberAddress=null, profileImage=null, enrollDate=null, secessionFlag=null), Member(memberNo=3, memberEmail=test3@naver.com, memberPw=null, memberNickname=123, memberTel=null, memberAddress=null, profileImage=null, enrollDate=null, secessionFlag=null)]
2023-05-16 16:31:44 [INFO] Running Time : 6ms
2023-05-16 16:31:44 [INFO] End : MemberServiceImpl - selectAll
--------------------------------------

2023-05-16 16:31:44 [INFO] 후처리 수행
2023-05-16 16:31:44 [INFO] View 처리 완료 후 수행
2023-05-16 16:31:54 [INFO] --------------------------------------
Start : MemberServiceImpl - selectAll
Parameter : []
ip : 0:0:0:0:0:0:0:1
2023-05-16 16:31:54 [INFO] --------------Service Start---------------
2023-05-16 16:31:54 [INFO] --------------Service End---------------
2023-05-16 16:31:54 [INFO] Return Value : [Member(memberNo=1, memberEmail=test01@naver.com, memberPw=null, memberNickname=테스트, memberTel=null, memberAddress=null, profileImage=null, enrollDate=null, secessionFlag=null), Member(memberNo=2, memberEmail=test02@naver.com, memberPw=null, memberNickname=12345, memberTel=null, memberAddress=null, profileImage=null, enrollDate=null, secessionFlag=null), Member(memberNo=3, memberEmail=test3@naver.com, memberPw=null, memberNickname=123, memberTel=null, memberAddress=null, profileImage=null, enrollDate=null, secessionFlag=null)]
2023-05-16 16:31:54 [INFO] Running Time : 6ms
2023-05-16 16:31:54 [INFO] End : MemberServiceImpl - selectAll
--------------------------------------

2023-05-16 16:31:54 [INFO] 후처리 수행
2023-05-16 16:31:54 [INFO] View 처리 완료 후 수행
2023-05-16 16:32:04 [INFO] --------------------------------------
Start : MemberServiceImpl - selectAll
Parameter : []
ip : 0:0:0:0:0:0:0:1
2023-05-16 16:32:04 [INFO] --------------Service Start---------------
2023-05-16 16:32:04 [INFO] --------------Service End---------------
2023-05-16 16:32:04 [INFO] Return Value : [Member(memberNo=1, memberEmail=test01@naver.com, memberPw=null, memberNickname=테스트, memberTel=null, memberAddress=null, profileImage=null, enrollDate=null, secessionFlag=null), Member(memberNo=2, memberEmail=test02@naver.com, memberPw=null, memberNickname=12345, memberTel=null, memberAddress=null, profileImage=null, enrollDate=null, secessionFlag=null), Member(memberNo=3, memberEmail=test3@naver.com, memberPw=null, memberNickname=123, memberTel=null, memberAddress=null, profileImage=null, enrollDate=null, secessionFlag=null)]
2023-05-16 16:32:04 [INFO] Running Time : 6ms
2023-05-16 16:32:04 [INFO] End : MemberServiceImpl - selectAll
--------------------------------------

2023-05-16 16:32:04 [INFO] 후처리 수행
2023-05-16 16:32:04 [INFO] View 처리 완료 후 수행
2023-05-16 16:32:14 [INFO] --------------------------------------
Start : MemberServiceImpl - selectAll
Parameter : []
ip : 0:0:0:0:0:0:0:1
2023-05-16 16:32:14 [INFO] --------------Service Start---------------
2023-05-16 16:32:14 [INFO] --------------Service End---------------
2023-05-16 16:32:14 [INFO] Return Value : [Member(memberNo=1, memberEmail=test01@naver.com, memberPw=null, memberNickname=테스트, memberTel=null, memberAddress=null, profileImage=null, enrollDate=null, secessionFlag=null), Member(memberNo=2, memberEmail=test02@naver.com, memberPw=null, memberNickname=12345, memberTel=null, memberAddress=null, profileImage=null, enrollDate=null, secessionFlag=null), Member(memberNo=3, memberEmail=test3@naver.com, memberPw=null, memberNickname=123, memberTel=null, memberAddress=null, profileImage=null, enrollDate=null, secessionFlag=null)]
2023-05-16 16:32:14 [INFO] Running Time : 8ms
2023-05-16 16:32:14 [INFO] End : MemberServiceImpl - selectAll
--------------------------------------

2023-05-16 16:32:14 [INFO] 후처리 수행
2023-05-16 16:32:14 [INFO] View 처리 완료 후 수행
2023-05-16 16:32:24 [INFO] --------------------------------------
Start : MemberServiceImpl - selectAll
Parameter : []
ip : 0:0:0:0:0:0:0:1
2023-05-16 16:32:24 [INFO] --------------Service Start---------------
2023-05-16 16:32:24 [INFO] --------------Service End---------------
2023-05-16 16:32:24 [INFO] Return Value : [Member(memberNo=1, memberEmail=test01@naver.com, memberPw=null, memberNickname=테스트, memberTel=null, memberAddress=null, profileImage=null, enrollDate=null, secessionFlag=null), Member(memberNo=2, memberEmail=test02@naver.com, memberPw=null, memberNickname=12345, memberTel=null, memberAddress=null, profileImage=null, enrollDate=null, secessionFlag=null), Member(memberNo=3, memberEmail=test3@naver.com, memberPw=null, memberNickname=123, memberTel=null, memberAddress=null, profileImage=null, enrollDate=null, secessionFlag=null)]
2023-05-16 16:32:24 [INFO] Running Time : 7ms
2023-05-16 16:32:24 [INFO] End : MemberServiceImpl - selectAll
--------------------------------------

2023-05-16 16:32:24 [INFO] 후처리 수행
2023-05-16 16:32:24 [INFO] View 처리 완료 후 수행
2023-05-16 16:32:34 [INFO] --------------------------------------
Start : MemberServiceImpl - selectAll
Parameter : []
ip : 0:0:0:0:0:0:0:1
2023-05-16 16:32:34 [INFO] --------------Service Start---------------
2023-05-16 16:32:34 [INFO] --------------Service End---------------
2023-05-16 16:32:34 [INFO] Return Value : [Member(memberNo=1, memberEmail=test01@naver.com, memberPw=null, memberNickname=테스트, memberTel=null, memberAddress=null, profileImage=null, enrollDate=null, secessionFlag=null), Member(memberNo=2, memberEmail=test02@naver.com, memberPw=null, memberNickname=12345, memberTel=null, memberAddress=null, profileImage=null, enrollDate=null, secessionFlag=null), Member(memberNo=3, memberEmail=test3@naver.com, memberPw=null, memberNickname=123, memberTel=null, memberAddress=null, profileImage=null, enrollDate=null, secessionFlag=null)]
2023-05-16 16:32:34 [INFO] Running Time : 6ms
2023-05-16 16:32:34 [INFO] End : MemberServiceImpl - selectAll
--------------------------------------

2023-05-16 16:32:34 [INFO] 후처리 수행
2023-05-16 16:32:34 [INFO] View 처리 완료 후 수행
2023-05-16 16:32:44 [INFO] --------------------------------------
Start : MemberServiceImpl - selectAll
Parameter : []
ip : 0:0:0:0:0:0:0:1
2023-05-16 16:32:44 [INFO] --------------Service Start---------------
2023-05-16 16:32:44 [INFO] --------------Service End---------------
2023-05-16 16:32:44 [INFO] Return Value : [Member(memberNo=1, memberEmail=test01@naver.com, memberPw=null, memberNickname=테스트, memberTel=null, memberAddress=null, profileImage=null, enrollDate=null, secessionFlag=null), Member(memberNo=2, memberEmail=test02@naver.com, memberPw=null, memberNickname=12345, memberTel=null, memberAddress=null, profileImage=null, enrollDate=null, secessionFlag=null), Member(memberNo=3, memberEmail=test3@naver.com, memberPw=null, memberNickname=123, memberTel=null, memberAddress=null, profileImage=null, enrollDate=null, secessionFlag=null)]
2023-05-16 16:32:44 [INFO] Running Time : 5ms
2023-05-16 16:32:44 [INFO] End : MemberServiceImpl - selectAll
--------------------------------------

2023-05-16 16:32:44 [INFO] 후처리 수행
2023-05-16 16:32:44 [INFO] View 처리 완료 후 수행
2023-05-16 16:32:54 [INFO] --------------------------------------
Start : MemberServiceImpl - selectAll
Parameter : []
ip : 0:0:0:0:0:0:0:1
2023-05-16 16:32:54 [INFO] --------------Service Start---------------
2023-05-16 16:32:54 [INFO] --------------Service End---------------
2023-05-16 16:32:54 [INFO] Return Value : [Member(memberNo=1, memberEmail=test01@naver.com, memberPw=null, memberNickname=테스트, memberTel=null, memberAddress=null, profileImage=null, enrollDate=null, secessionFlag=null), Member(memberNo=2, memberEmail=test02@naver.com, memberPw=null, memberNickname=12345, memberTel=null, memberAddress=null, profileImage=null, enrollDate=null, secessionFlag=null), Member(memberNo=3, memberEmail=test3@naver.com, memberPw=null, memberNickname=123, memberTel=null, memberAddress=null, profileImage=null, enrollDate=null, secessionFlag=null)]
2023-05-16 16:32:54 [INFO] Running Time : 6ms
2023-05-16 16:32:54 [INFO] End : MemberServiceImpl - selectAll
--------------------------------------

2023-05-16 16:32:54 [INFO] 후처리 수행
2023-05-16 16:32:54 [INFO] View 처리 완료 후 수행
2023-05-16 16:33:04 [INFO] --------------------------------------
Start : MemberServiceImpl - selectAll
Parameter : []
ip : 0:0:0:0:0:0:0:1
2023-05-16 16:33:04 [INFO] --------------Service Start---------------
2023-05-16 16:33:04 [INFO] --------------Service End---------------
2023-05-16 16:33:04 [INFO] Return Value : [Member(memberNo=1, memberEmail=test01@naver.com, memberPw=null, memberNickname=테스트, memberTel=null, memberAddress=null, profileImage=null, enrollDate=null, secessionFlag=null), Member(memberNo=2, memberEmail=test02@naver.com, memberPw=null, memberNickname=12345, memberTel=null, memberAddress=null, profileImage=null, enrollDate=null, secessionFlag=null), Member(memberNo=3, memberEmail=test3@naver.com, memberPw=null, memberNickname=123, memberTel=null, memberAddress=null, profileImage=null, enrollDate=null, secessionFlag=null)]
2023-05-16 16:33:04 [INFO] Running Time : 6ms
2023-05-16 16:33:04 [INFO] End : MemberServiceImpl - selectAll
--------------------------------------

2023-05-16 16:33:04 [INFO] 후처리 수행
2023-05-16 16:33:04 [INFO] View 처리 완료 후 수행
2023-05-16 16:33:14 [INFO] --------------------------------------
Start : MemberServiceImpl - selectAll
Parameter : []
ip : 0:0:0:0:0:0:0:1
2023-05-16 16:33:14 [INFO] --------------Service Start---------------
2023-05-16 16:33:14 [INFO] --------------Service End---------------
2023-05-16 16:33:14 [INFO] Return Value : [Member(memberNo=1, memberEmail=test01@naver.com, memberPw=null, memberNickname=테스트, memberTel=null, memberAddress=null, profileImage=null, enrollDate=null, secessionFlag=null), Member(memberNo=2, memberEmail=test02@naver.com, memberPw=null, memberNickname=12345, memberTel=null, memberAddress=null, profileImage=null, enrollDate=null, secessionFlag=null), Member(memberNo=3, memberEmail=test3@naver.com, memberPw=null, memberNickname=123, memberTel=null, memberAddress=null, profileImage=null, enrollDate=null, secessionFlag=null)]
2023-05-16 16:33:14 [INFO] Running Time : 6ms
2023-05-16 16:33:14 [INFO] End : MemberServiceImpl - selectAll
--------------------------------------

2023-05-16 16:33:14 [INFO] 후처리 수행
2023-05-16 16:33:14 [INFO] View 처리 완료 후 수행
2023-05-16 16:33:24 [INFO] --------------------------------------
Start : MemberServiceImpl - selectAll
Parameter : []
ip : 0:0:0:0:0:0:0:1
2023-05-16 16:33:24 [INFO] --------------Service Start---------------
2023-05-16 16:33:24 [INFO] --------------Service End---------------
2023-05-16 16:33:24 [INFO] Return Value : [Member(memberNo=1, memberEmail=test01@naver.com, memberPw=null, memberNickname=테스트, memberTel=null, memberAddress=null, profileImage=null, enrollDate=null, secessionFlag=null), Member(memberNo=2, memberEmail=test02@naver.com, memberPw=null, memberNickname=12345, memberTel=null, memberAddress=null, profileImage=null, enrollDate=null, secessionFlag=null), Member(memberNo=3, memberEmail=test3@naver.com, memberPw=null, memberNickname=123, memberTel=null, memberAddress=null, profileImage=null, enrollDate=null, secessionFlag=null)]
2023-05-16 16:33:24 [INFO] Running Time : 6ms
2023-05-16 16:33:24 [INFO] End : MemberServiceImpl - selectAll
--------------------------------------

2023-05-16 16:33:24 [INFO] 후처리 수행
2023-05-16 16:33:24 [INFO] View 처리 완료 후 수행
2023-05-16 16:33:34 [INFO] --------------------------------------
Start : MemberServiceImpl - selectAll
Parameter : []
ip : 0:0:0:0:0:0:0:1
2023-05-16 16:33:34 [INFO] --------------Service Start---------------
2023-05-16 16:33:34 [INFO] --------------Service End---------------
2023-05-16 16:33:34 [INFO] Return Value : [Member(memberNo=1, memberEmail=test01@naver.com, memberPw=null, memberNickname=테스트, memberTel=null, memberAddress=null, profileImage=null, enrollDate=null, secessionFlag=null), Member(memberNo=2, memberEmail=test02@naver.com, memberPw=null, memberNickname=12345, memberTel=null, memberAddress=null, profileImage=null, enrollDate=null, secessionFlag=null), Member(memberNo=3, memberEmail=test3@naver.com, memberPw=null, memberNickname=123, memberTel=null, memberAddress=null, profileImage=null, enrollDate=null, secessionFlag=null)]
2023-05-16 16:33:34 [INFO] Running Time : 5ms
2023-05-16 16:33:34 [INFO] End : MemberServiceImpl - selectAll
--------------------------------------

2023-05-16 16:33:34 [INFO] 후처리 수행
2023-05-16 16:33:34 [INFO] View 처리 완료 후 수행
2023-05-16 16:33:44 [INFO] --------------------------------------
Start : MemberServiceImpl - selectAll
Parameter : []
ip : 0:0:0:0:0:0:0:1
2023-05-16 16:33:44 [INFO] --------------Service Start---------------
2023-05-16 16:33:44 [INFO] --------------Service End---------------
2023-05-16 16:33:44 [INFO] Return Value : [Member(memberNo=1, memberEmail=test01@naver.com, memberPw=null, memberNickname=테스트, memberTel=null, memberAddress=null, profileImage=null, enrollDate=null, secessionFlag=null), Member(memberNo=2, memberEmail=test02@naver.com, memberPw=null, memberNickname=12345, memberTel=null, memberAddress=null, profileImage=null, enrollDate=null, secessionFlag=null), Member(memberNo=3, memberEmail=test3@naver.com, memberPw=null, memberNickname=123, memberTel=null, memberAddress=null, profileImage=null, enrollDate=null, secessionFlag=null)]
2023-05-16 16:33:44 [INFO] Running Time : 7ms
2023-05-16 16:33:44 [INFO] End : MemberServiceImpl - selectAll
--------------------------------------

2023-05-16 16:33:44 [INFO] 후처리 수행
2023-05-16 16:33:44 [INFO] View 처리 완료 후 수행
2023-05-16 16:33:54 [INFO] --------------------------------------
Start : MemberServiceImpl - selectAll
Parameter : []
ip : 0:0:0:0:0:0:0:1
2023-05-16 16:33:54 [INFO] --------------Service Start---------------
2023-05-16 16:33:54 [INFO] --------------Service End---------------
2023-05-16 16:33:54 [INFO] Return Value : [Member(memberNo=1, memberEmail=test01@naver.com, memberPw=null, memberNickname=테스트, memberTel=null, memberAddress=null, profileImage=null, enrollDate=null, secessionFlag=null), Member(memberNo=2, memberEmail=test02@naver.com, memberPw=null, memberNickname=12345, memberTel=null, memberAddress=null, profileImage=null, enrollDate=null, secessionFlag=null), Member(memberNo=3, memberEmail=test3@naver.com, memberPw=null, memberNickname=123, memberTel=null, memberAddress=null, profileImage=null, enrollDate=null, secessionFlag=null)]
2023-05-16 16:33:54 [INFO] Running Time : 6ms
2023-05-16 16:33:54 [INFO] End : MemberServiceImpl - selectAll
--------------------------------------

2023-05-16 16:33:54 [INFO] 후처리 수행
2023-05-16 16:33:54 [INFO] View 처리 완료 후 수행
2023-05-16 16:34:04 [INFO] --------------------------------------
Start : MemberServiceImpl - selectAll
Parameter : []
ip : 0:0:0:0:0:0:0:1
2023-05-16 16:34:04 [INFO] --------------Service Start---------------
2023-05-16 16:34:04 [INFO] --------------Service End---------------
2023-05-16 16:34:04 [INFO] Return Value : [Member(memberNo=1, memberEmail=test01@naver.com, memberPw=null, memberNickname=테스트, memberTel=null, memberAddress=null, profileImage=null, enrollDate=null, secessionFlag=null), Member(memberNo=2, memberEmail=test02@naver.com, memberPw=null, memberNickname=12345, memberTel=null, memberAddress=null, profileImage=null, enrollDate=null, secessionFlag=null), Member(memberNo=3, memberEmail=test3@naver.com, memberPw=null, memberNickname=123, memberTel=null, memberAddress=null, profileImage=null, enrollDate=null, secessionFlag=null)]
2023-05-16 16:34:04 [INFO] Running Time : 5ms
2023-05-16 16:34:04 [INFO] End : MemberServiceImpl - selectAll
--------------------------------------

2023-05-16 16:34:04 [INFO] 후처리 수행
2023-05-16 16:34:04 [INFO] View 처리 완료 후 수행
2023-05-16 16:34:14 [INFO] --------------------------------------
Start : MemberServiceImpl - selectAll
Parameter : []
ip : 0:0:0:0:0:0:0:1
2023-05-16 16:34:14 [INFO] --------------Service Start---------------
2023-05-16 16:34:14 [INFO] --------------Service End---------------
2023-05-16 16:34:14 [INFO] Return Value : [Member(memberNo=1, memberEmail=test01@naver.com, memberPw=null, memberNickname=테스트, memberTel=null, memberAddress=null, profileImage=null, enrollDate=null, secessionFlag=null), Member(memberNo=2, memberEmail=test02@naver.com, memberPw=null, memberNickname=12345, memberTel=null, memberAddress=null, profileImage=null, enrollDate=null, secessionFlag=null), Member(memberNo=3, memberEmail=test3@naver.com, memberPw=null, memberNickname=123, memberTel=null, memberAddress=null, profileImage=null, enrollDate=null, secessionFlag=null)]
2023-05-16 16:34:14 [INFO] Running Time : 4ms
2023-05-16 16:34:14 [INFO] End : MemberServiceImpl - selectAll
--------------------------------------

2023-05-16 16:34:14 [INFO] 후처리 수행
2023-05-16 16:34:14 [INFO] View 처리 완료 후 수행
2023-05-16 16:34:24 [INFO] --------------------------------------
Start : MemberServiceImpl - selectAll
Parameter : []
ip : 0:0:0:0:0:0:0:1
2023-05-16 16:34:24 [INFO] --------------Service Start---------------
2023-05-16 16:34:24 [INFO] --------------Service End---------------
2023-05-16 16:34:24 [INFO] Return Value : [Member(memberNo=1, memberEmail=test01@naver.com, memberPw=null, memberNickname=테스트, memberTel=null, memberAddress=null, profileImage=null, enrollDate=null, secessionFlag=null), Member(memberNo=2, memberEmail=test02@naver.com, memberPw=null, memberNickname=12345, memberTel=null, memberAddress=null, profileImage=null, enrollDate=null, secessionFlag=null), Member(memberNo=3, memberEmail=test3@naver.com, memberPw=null, memberNickname=123, memberTel=null, memberAddress=null, profileImage=null, enrollDate=null, secessionFlag=null)]
2023-05-16 16:34:24 [INFO] Running Time : 4ms
2023-05-16 16:34:24 [INFO] End : MemberServiceImpl - selectAll
--------------------------------------

2023-05-16 16:34:24 [INFO] 후처리 수행
2023-05-16 16:34:24 [INFO] View 처리 완료 후 수행
2023-05-16 16:34:34 [INFO] --------------------------------------
Start : MemberServiceImpl - selectAll
Parameter : []
ip : 0:0:0:0:0:0:0:1
2023-05-16 16:34:34 [INFO] --------------Service Start---------------
2023-05-16 16:34:34 [INFO] --------------Service End---------------
2023-05-16 16:34:34 [INFO] Return Value : [Member(memberNo=1, memberEmail=test01@naver.com, memberPw=null, memberNickname=테스트, memberTel=null, memberAddress=null, profileImage=null, enrollDate=null, secessionFlag=null), Member(memberNo=2, memberEmail=test02@naver.com, memberPw=null, memberNickname=12345, memberTel=null, memberAddress=null, profileImage=null, enrollDate=null, secessionFlag=null), Member(memberNo=3, memberEmail=test3@naver.com, memberPw=null, memberNickname=123, memberTel=null, memberAddress=null, profileImage=null, enrollDate=null, secessionFlag=null)]
2023-05-16 16:34:34 [INFO] Running Time : 4ms
2023-05-16 16:34:34 [INFO] End : MemberServiceImpl - selectAll
--------------------------------------

2023-05-16 16:34:34 [INFO] 후처리 수행
2023-05-16 16:34:34 [INFO] View 처리 완료 후 수행
2023-05-16 16:34:44 [INFO] --------------------------------------
Start : MemberServiceImpl - selectAll
Parameter : []
ip : 0:0:0:0:0:0:0:1
2023-05-16 16:34:44 [INFO] --------------Service Start---------------
2023-05-16 16:34:44 [INFO] --------------Service End---------------
2023-05-16 16:34:44 [INFO] Return Value : [Member(memberNo=1, memberEmail=test01@naver.com, memberPw=null, memberNickname=테스트, memberTel=null, memberAddress=null, profileImage=null, enrollDate=null, secessionFlag=null), Member(memberNo=2, memberEmail=test02@naver.com, memberPw=null, memberNickname=12345, memberTel=null, memberAddress=null, profileImage=null, enrollDate=null, secessionFlag=null), Member(memberNo=3, memberEmail=test3@naver.com, memberPw=null, memberNickname=123, memberTel=null, memberAddress=null, profileImage=null, enrollDate=null, secessionFlag=null)]
2023-05-16 16:34:44 [INFO] Running Time : 4ms
2023-05-16 16:34:44 [INFO] End : MemberServiceImpl - selectAll
--------------------------------------

2023-05-16 16:34:44 [INFO] 후처리 수행
2023-05-16 16:34:44 [INFO] View 처리 완료 후 수행
2023-05-16 16:34:54 [INFO] --------------------------------------
Start : MemberServiceImpl - selectAll
Parameter : []
ip : 0:0:0:0:0:0:0:1
2023-05-16 16:34:54 [INFO] --------------Service Start---------------
2023-05-16 16:34:54 [INFO] --------------Service End---------------
2023-05-16 16:34:54 [INFO] Return Value : [Member(memberNo=1, memberEmail=test01@naver.com, memberPw=null, memberNickname=테스트, memberTel=null, memberAddress=null, profileImage=null, enrollDate=null, secessionFlag=null), Member(memberNo=2, memberEmail=test02@naver.com, memberPw=null, memberNickname=12345, memberTel=null, memberAddress=null, profileImage=null, enrollDate=null, secessionFlag=null), Member(memberNo=3, memberEmail=test3@naver.com, memberPw=null, memberNickname=123, memberTel=null, memberAddress=null, profileImage=null, enrollDate=null, secessionFlag=null)]
2023-05-16 16:34:54 [INFO] Running Time : 6ms
2023-05-16 16:34:54 [INFO] End : MemberServiceImpl - selectAll
--------------------------------------

2023-05-16 16:34:54 [INFO] 후처리 수행
2023-05-16 16:34:54 [INFO] View 처리 완료 후 수행
2023-05-16 16:35:04 [INFO] --------------------------------------
Start : MemberServiceImpl - selectAll
Parameter : []
ip : 0:0:0:0:0:0:0:1
2023-05-16 16:35:04 [INFO] --------------Service Start---------------
2023-05-16 16:35:04 [INFO] --------------Service End---------------
2023-05-16 16:35:04 [INFO] Return Value : [Member(memberNo=1, memberEmail=test01@naver.com, memberPw=null, memberNickname=테스트, memberTel=null, memberAddress=null, profileImage=null, enrollDate=null, secessionFlag=null), Member(memberNo=2, memberEmail=test02@naver.com, memberPw=null, memberNickname=12345, memberTel=null, memberAddress=null, profileImage=null, enrollDate=null, secessionFlag=null), Member(memberNo=3, memberEmail=test3@naver.com, memberPw=null, memberNickname=123, memberTel=null, memberAddress=null, profileImage=null, enrollDate=null, secessionFlag=null)]
2023-05-16 16:35:04 [INFO] Running Time : 3ms
2023-05-16 16:35:04 [INFO] End : MemberServiceImpl - selectAll
--------------------------------------

2023-05-16 16:35:04 [INFO] 후처리 수행
2023-05-16 16:35:04 [INFO] View 처리 완료 후 수행
2023-05-16 16:35:14 [INFO] --------------------------------------
Start : MemberServiceImpl - selectAll
Parameter : []
ip : 0:0:0:0:0:0:0:1
2023-05-16 16:35:14 [INFO] --------------Service Start---------------
2023-05-16 16:35:14 [INFO] --------------Service End---------------
2023-05-16 16:35:14 [INFO] Return Value : [Member(memberNo=1, memberEmail=test01@naver.com, memberPw=null, memberNickname=테스트, memberTel=null, memberAddress=null, profileImage=null, enrollDate=null, secessionFlag=null), Member(memberNo=2, memberEmail=test02@naver.com, memberPw=null, memberNickname=12345, memberTel=null, memberAddress=null, profileImage=null, enrollDate=null, secessionFlag=null), Member(memberNo=3, memberEmail=test3@naver.com, memberPw=null, memberNickname=123, memberTel=null, memberAddress=null, profileImage=null, enrollDate=null, secessionFlag=null)]
2023-05-16 16:35:14 [INFO] Running Time : 6ms
2023-05-16 16:35:14 [INFO] End : MemberServiceImpl - selectAll
--------------------------------------

2023-05-16 16:35:14 [INFO] 후처리 수행
2023-05-16 16:35:14 [INFO] View 처리 완료 후 수행
2023-05-16 16:35:24 [INFO] --------------------------------------
Start : MemberServiceImpl - selectAll
Parameter : []
ip : 0:0:0:0:0:0:0:1
2023-05-16 16:35:24 [INFO] --------------Service Start---------------
2023-05-16 16:35:24 [INFO] --------------Service End---------------
2023-05-16 16:35:24 [INFO] Return Value : [Member(memberNo=1, memberEmail=test01@naver.com, memberPw=null, memberNickname=테스트, memberTel=null, memberAddress=null, profileImage=null, enrollDate=null, secessionFlag=null), Member(memberNo=2, memberEmail=test02@naver.com, memberPw=null, memberNickname=12345, memberTel=null, memberAddress=null, profileImage=null, enrollDate=null, secessionFlag=null), Member(memberNo=3, memberEmail=test3@naver.com, memberPw=null, memberNickname=123, memberTel=null, memberAddress=null, profileImage=null, enrollDate=null, secessionFlag=null)]
2023-05-16 16:35:24 [INFO] Running Time : 5ms
2023-05-16 16:35:24 [INFO] End : MemberServiceImpl - selectAll
--------------------------------------

2023-05-16 16:35:24 [INFO] 후처리 수행
2023-05-16 16:35:24 [INFO] View 처리 완료 후 수행
2023-05-16 16:35:34 [INFO] --------------------------------------
Start : MemberServiceImpl - selectAll
Parameter : []
ip : 0:0:0:0:0:0:0:1
2023-05-16 16:35:34 [INFO] --------------Service Start---------------
2023-05-16 16:35:34 [INFO] --------------Service End---------------
2023-05-16 16:35:34 [INFO] Return Value : [Member(memberNo=1, memberEmail=test01@naver.com, memberPw=null, memberNickname=테스트, memberTel=null, memberAddress=null, profileImage=null, enrollDate=null, secessionFlag=null), Member(memberNo=2, memberEmail=test02@naver.com, memberPw=null, memberNickname=12345, memberTel=null, memberAddress=null, profileImage=null, enrollDate=null, secessionFlag=null), Member(memberNo=3, memberEmail=test3@naver.com, memberPw=null, memberNickname=123, memberTel=null, memberAddress=null, profileImage=null, enrollDate=null, secessionFlag=null)]
2023-05-16 16:35:34 [INFO] Running Time : 5ms
2023-05-16 16:35:34 [INFO] End : MemberServiceImpl - selectAll
--------------------------------------

2023-05-16 16:35:34 [INFO] 후처리 수행
2023-05-16 16:35:34 [INFO] View 처리 완료 후 수행
2023-05-16 16:35:44 [INFO] --------------------------------------
Start : MemberServiceImpl - selectAll
Parameter : []
ip : 0:0:0:0:0:0:0:1
2023-05-16 16:35:44 [INFO] --------------Service Start---------------
2023-05-16 16:35:44 [INFO] --------------Service End---------------
2023-05-16 16:35:44 [INFO] Return Value : [Member(memberNo=1, memberEmail=test01@naver.com, memberPw=null, memberNickname=테스트, memberTel=null, memberAddress=null, profileImage=null, enrollDate=null, secessionFlag=null), Member(memberNo=2, memberEmail=test02@naver.com, memberPw=null, memberNickname=12345, memberTel=null, memberAddress=null, profileImage=null, enrollDate=null, secessionFlag=null), Member(memberNo=3, memberEmail=test3@naver.com, memberPw=null, memberNickname=123, memberTel=null, memberAddress=null, profileImage=null, enrollDate=null, secessionFlag=null)]
2023-05-16 16:35:44 [INFO] Running Time : 6ms
2023-05-16 16:35:44 [INFO] End : MemberServiceImpl - selectAll
--------------------------------------

2023-05-16 16:35:44 [INFO] 후처리 수행
2023-05-16 16:35:44 [INFO] View 처리 완료 후 수행
2023-05-16 16:35:54 [INFO] --------------------------------------
Start : MemberServiceImpl - selectAll
Parameter : []
ip : 0:0:0:0:0:0:0:1
2023-05-16 16:35:54 [INFO] --------------Service Start---------------
2023-05-16 16:35:54 [INFO] --------------Service End---------------
2023-05-16 16:35:54 [INFO] Return Value : [Member(memberNo=1, memberEmail=test01@naver.com, memberPw=null, memberNickname=테스트, memberTel=null, memberAddress=null, profileImage=null, enrollDate=null, secessionFlag=null), Member(memberNo=2, memberEmail=test02@naver.com, memberPw=null, memberNickname=12345, memberTel=null, memberAddress=null, profileImage=null, enrollDate=null, secessionFlag=null), Member(memberNo=3, memberEmail=test3@naver.com, memberPw=null, memberNickname=123, memberTel=null, memberAddress=null, profileImage=null, enrollDate=null, secessionFlag=null)]
2023-05-16 16:35:54 [INFO] Running Time : 4ms
2023-05-16 16:35:54 [INFO] End : MemberServiceImpl - selectAll
--------------------------------------

2023-05-16 16:35:54 [INFO] 후처리 수행
2023-05-16 16:35:54 [INFO] View 처리 완료 후 수행
2023-05-16 16:36:04 [INFO] --------------------------------------
Start : MemberServiceImpl - selectAll
Parameter : []
ip : 0:0:0:0:0:0:0:1
2023-05-16 16:36:04 [INFO] --------------Service Start---------------
2023-05-16 16:36:04 [INFO] --------------Service End---------------
2023-05-16 16:36:04 [INFO] Return Value : [Member(memberNo=1, memberEmail=test01@naver.com, memberPw=null, memberNickname=테스트, memberTel=null, memberAddress=null, profileImage=null, enrollDate=null, secessionFlag=null), Member(memberNo=2, memberEmail=test02@naver.com, memberPw=null, memberNickname=12345, memberTel=null, memberAddress=null, profileImage=null, enrollDate=null, secessionFlag=null), Member(memberNo=3, memberEmail=test3@naver.com, memberPw=null, memberNickname=123, memberTel=null, memberAddress=null, profileImage=null, enrollDate=null, secessionFlag=null)]
2023-05-16 16:36:04 [INFO] Running Time : 6ms
2023-05-16 16:36:04 [INFO] End : MemberServiceImpl - selectAll
--------------------------------------

2023-05-16 16:36:04 [INFO] 후처리 수행
2023-05-16 16:36:04 [INFO] View 처리 완료 후 수행
2023-05-16 16:36:14 [INFO] --------------------------------------
Start : MemberServiceImpl - selectAll
Parameter : []
ip : 0:0:0:0:0:0:0:1
2023-05-16 16:36:14 [INFO] --------------Service Start---------------
2023-05-16 16:36:14 [INFO] --------------Service End---------------
2023-05-16 16:36:14 [INFO] Return Value : [Member(memberNo=1, memberEmail=test01@naver.com, memberPw=null, memberNickname=테스트, memberTel=null, memberAddress=null, profileImage=null, enrollDate=null, secessionFlag=null), Member(memberNo=2, memberEmail=test02@naver.com, memberPw=null, memberNickname=12345, memberTel=null, memberAddress=null, profileImage=null, enrollDate=null, secessionFlag=null), Member(memberNo=3, memberEmail=test3@naver.com, memberPw=null, memberNickname=123, memberTel=null, memberAddress=null, profileImage=null, enrollDate=null, secessionFlag=null)]
2023-05-16 16:36:14 [INFO] Running Time : 4ms
2023-05-16 16:36:14 [INFO] End : MemberServiceImpl - selectAll
--------------------------------------

2023-05-16 16:36:14 [INFO] 후처리 수행
2023-05-16 16:36:14 [INFO] View 처리 완료 후 수행
2023-05-16 16:36:23 [INFO] --------------------------------------
Start : MemberServiceImpl - selectAll
Parameter : []
ip : 0:0:0:0:0:0:0:1
2023-05-16 16:36:23 [INFO] --------------Service Start---------------
2023-05-16 16:36:23 [INFO] --------------Service End---------------
2023-05-16 16:36:23 [INFO] Return Value : [Member(memberNo=1, memberEmail=test01@naver.com, memberPw=null, memberNickname=테스트, memberTel=null, memberAddress=null, profileImage=null, enrollDate=null, secessionFlag=null), Member(memberNo=2, memberEmail=test02@naver.com, memberPw=null, memberNickname=12345, memberTel=null, memberAddress=null, profileImage=null, enrollDate=null, secessionFlag=null), Member(memberNo=3, memberEmail=test3@naver.com, memberPw=null, memberNickname=123, memberTel=null, memberAddress=null, profileImage=null, enrollDate=null, secessionFlag=null)]
2023-05-16 16:36:23 [INFO] Running Time : 6ms
2023-05-16 16:36:23 [INFO] End : MemberServiceImpl - selectAll
--------------------------------------

2023-05-16 16:36:23 [INFO] 후처리 수행
2023-05-16 16:36:23 [INFO] View 처리 완료 후 수행
2023-05-16 16:36:27 [INFO] 초기화 필터 파괴
